[2021-06-21 23:11:51,996] INFO     sbp.txloader     Retrieving cached result for ..\data\clockwork_drake\clockwork_drake.jpg
[2021-06-21 23:11:52,037] INFO     sbp              Loaded file ..\data\clockwork_drake\clockwork_drake.jpg
[2021-06-22 00:09:02,459] DEBUG    sbp.columniser   Configure columniser with parameters:
[2021-06-22 00:09:02,459] DEBUG    sbp.columniser   	left_offset_leeway=0.01
[2021-06-22 00:09:02,459] DEBUG    sbp.columniser   	right_offset_leeway=0.1
[2021-06-22 00:09:02,459] DEBUG    sbp.columniser   	max_vertical_gap=0.01
[2021-06-22 00:09:02,459] DEBUG    sbp.columniser   	fuzzyness=0.01
[2021-06-22 00:09:02,459] DEBUG    sbp.clusterer    Configured Clusterer with config:
[2021-06-22 00:09:02,459] DEBUG    sbp.clusterer    	Fuzzyness=1.0
[2021-06-22 00:09:02,460] DEBUG    sbp.clusterer    	Min Gap=0.0
[2021-06-22 00:09:02,460] DEBUG    sbp.clusterer    	Max Gap=1.0
[2021-06-22 00:09:02,460] DEBUG    sbp.clusanno     Configured SectionAnnotator
[2021-06-22 00:09:02,460] INFO     sbp.txloader     Retrieving cached result for ..\data\clockwork_drake\clockwork_drake.jpg
[2021-06-22 00:09:02,488] INFO     sbp              Loaded file ..\data\clockwork_drake\clockwork_drake.jpg
[2021-06-22 00:09:02,488] INFO     sbp              Loading ..\data\clockwork_drake\clockwork_drake.jpg
[2021-06-22 00:09:02,488] DEBUG    sbp.columniser   Received 103 lines
[2021-06-22 00:09:02,488] DEBUG    sbp.columniser   Initial pass found 5 columns
[2021-06-22 00:09:02,488] DEBUG    sbp.columniser   	Col 0: Length 49
[2021-06-22 00:09:02,488] DEBUG    sbp.columniser   	Col 1: Length 3
[2021-06-22 00:09:02,488] DEBUG    sbp.columniser   	Col 2: Length 4
[2021-06-22 00:09:02,488] DEBUG    sbp.columniser   	Col 3: Length 2
[2021-06-22 00:09:02,488] DEBUG    sbp.columniser   	Col 4: Length 45
[2021-06-22 00:09:26,725] DEBUG    sbp.columniser   Configure columniser with parameters:
[2021-06-22 00:09:26,725] DEBUG    sbp.columniser   	left_offset_leeway=0.01
[2021-06-22 00:09:26,726] DEBUG    sbp.columniser   	right_offset_leeway=0.1
[2021-06-22 00:09:26,726] DEBUG    sbp.columniser   	max_vertical_gap=0.01
[2021-06-22 00:09:26,726] DEBUG    sbp.columniser   	fuzzyness=0.01
[2021-06-22 00:09:26,726] DEBUG    sbp.clusterer    Configured Clusterer with config:
[2021-06-22 00:09:26,726] DEBUG    sbp.clusterer    	Fuzzyness=1.0
[2021-06-22 00:09:26,726] DEBUG    sbp.clusterer    	Min Gap=0.0
[2021-06-22 00:09:26,726] DEBUG    sbp.clusterer    	Max Gap=1.0
[2021-06-22 00:09:26,726] DEBUG    sbp.clusanno     Configured SectionAnnotator
[2021-06-22 00:09:26,727] INFO     sbp.txloader     Retrieving cached result for ..\data\clockwork_drake\clockwork_drake.jpg
[2021-06-22 00:09:27,669] INFO     sbp              Loaded file ..\data\clockwork_drake\clockwork_drake.jpg
[2021-06-22 00:09:27,670] INFO     sbp              Loading ..\data\clockwork_drake\clockwork_drake.jpg
[2021-06-22 00:09:27,670] DEBUG    sbp.columniser   Received 103 lines
[2021-06-22 00:09:27,670] DEBUG    sbp.columniser   Initial pass found 5 columns
[2021-06-22 00:09:27,670] DEBUG    sbp.columniser   	Col 0: Length 49
[2021-06-22 00:09:27,670] DEBUG    sbp.columniser   	Col 1: Length 3
[2021-06-22 00:09:27,670] DEBUG    sbp.columniser   	Col 2: Length 4
[2021-06-22 00:09:27,670] DEBUG    sbp.columniser   	Col 3: Length 2
[2021-06-22 00:09:27,670] DEBUG    sbp.columniser   	Col 4: Length 45
[2021-06-22 00:10:07,677] DEBUG    sbp.columniser   Configure columniser with parameters:
[2021-06-22 00:10:07,678] DEBUG    sbp.columniser   	left_offset_leeway=0.01
[2021-06-22 00:10:07,678] DEBUG    sbp.columniser   	right_offset_leeway=0.1
[2021-06-22 00:10:07,678] DEBUG    sbp.columniser   	max_vertical_gap=0.01
[2021-06-22 00:10:07,678] DEBUG    sbp.columniser   	fuzzyness=0.01
[2021-06-22 00:10:07,680] DEBUG    sbp.clusterer    Configured Clusterer with config:
[2021-06-22 00:10:07,680] DEBUG    sbp.clusterer    	Fuzzyness=1.0
[2021-06-22 00:10:07,680] DEBUG    sbp.clusterer    	Min Gap=0.0
[2021-06-22 00:10:07,680] DEBUG    sbp.clusterer    	Max Gap=1.0
[2021-06-22 00:10:07,680] DEBUG    sbp.clusanno     Configured SectionAnnotator
[2021-06-22 00:10:07,687] DEBUG    sbp.txloader     Creating boto client
[2021-06-22 00:10:07,917] INFO     sbp.txloader     Sending Textract request for ..\data\crelvohr\crelvohr.png
[2021-06-22 00:10:12,927] DEBUG    sbp.txloader     Received Textract response
[2021-06-22 00:10:12,927] DEBUG    sbp.txloader.cache Writing request for file ..\data\crelvohr\crelvohr.png to cache in crelvohr_eed5614ea1fccb031c10efe9
[2021-06-22 00:10:12,995] INFO     sbp              Loaded file ..\data\crelvohr\crelvohr.png
[2021-06-22 00:10:12,995] INFO     sbp              Loading ..\data\crelvohr\crelvohr.png
[2021-06-22 00:10:12,995] DEBUG    sbp.columniser   Received 103 lines
[2021-06-22 00:10:12,995] DEBUG    sbp.columniser   Initial pass found 5 columns
[2021-06-22 00:10:12,995] DEBUG    sbp.columniser   	Col 0: Length 43
[2021-06-22 00:10:12,995] DEBUG    sbp.columniser   	Col 1: Length 3
[2021-06-22 00:10:12,996] DEBUG    sbp.columniser   	Col 2: Length 6
[2021-06-22 00:10:12,996] DEBUG    sbp.columniser   	Col 3: Length 3
[2021-06-22 00:10:12,996] DEBUG    sbp.columniser   	Col 4: Length 48
[2021-06-22 00:10:12,996] DEBUG    sbp.columniser   2 columns remain after column merging
[2021-06-22 00:10:12,996] DEBUG    sbp.columniser   	Col 0: 55 -> 40 lines after merging
[2021-06-22 00:10:12,996] DEBUG    sbp.columniser   	Col 1: 48 -> 48 lines after merging
[2021-06-22 00:10:13,000] DEBUG    sbp.clusterer    Found reasonable threshold of 0.002%
[2021-06-22 00:10:13,000] DEBUG    sbp.clusterer    Using clustering threshold of 0.002
[2021-06-22 00:10:13,000] DEBUG    sbp.clusterer    Found reasonable threshold of 0.007%
[2021-06-22 00:10:13,000] DEBUG    sbp.clusterer    Using clustering threshold of 0.007
[2021-06-22 00:10:13,001] DEBUG    sbp.clusanno     Annotating 20 Sections
[2021-06-22 00:10:13,001] DEBUG    sbp.clusanno     Annotating 8 Sections
[2021-06-22 00:10:46,023] DEBUG    sbp.columniser   Configure columniser with parameters:
[2021-06-22 00:10:46,023] DEBUG    sbp.columniser   Configure columniser with parameters:
[2021-06-22 00:10:46,023] DEBUG    sbp.columniser   	left_offset_leeway=0.01
[2021-06-22 00:10:46,023] DEBUG    sbp.columniser   	left_offset_leeway=0.01
[2021-06-22 00:10:46,024] DEBUG    sbp.columniser   	right_offset_leeway=0.1
[2021-06-22 00:10:46,024] DEBUG    sbp.columniser   	right_offset_leeway=0.1
[2021-06-22 00:10:46,024] DEBUG    sbp.columniser   	max_vertical_gap=0.01
[2021-06-22 00:10:46,024] DEBUG    sbp.columniser   	max_vertical_gap=0.01
[2021-06-22 00:10:46,024] DEBUG    sbp.columniser   	fuzzyness=0.01
[2021-06-22 00:10:46,024] DEBUG    sbp.columniser   	fuzzyness=0.01
[2021-06-22 00:10:46,024] DEBUG    sbp.clusterer    Configured Clusterer with config:
[2021-06-22 00:10:46,024] DEBUG    sbp.clusterer    Configured Clusterer with config:
[2021-06-22 00:10:46,024] DEBUG    sbp.clusterer    	Fuzzyness=1.0
[2021-06-22 00:10:46,024] DEBUG    sbp.clusterer    	Fuzzyness=1.0
[2021-06-22 00:10:46,024] DEBUG    sbp.clusterer    	Min Gap=0.0
[2021-06-22 00:10:46,024] DEBUG    sbp.clusterer    	Min Gap=0.0
[2021-06-22 00:10:46,024] DEBUG    sbp.clusterer    	Max Gap=1.0
[2021-06-22 00:10:46,024] DEBUG    sbp.clusterer    	Max Gap=1.0
[2021-06-22 00:10:46,024] DEBUG    sbp.clusanno     Configured SectionAnnotator
[2021-06-22 00:10:46,024] DEBUG    sbp.clusanno     Configured SectionAnnotator
[2021-06-22 00:10:46,032] INFO     sbp.txloader     Retrieving cached result for ..\data\crelvohr\crelvohr.png
[2021-06-22 00:10:46,032] INFO     sbp.txloader     Retrieving cached result for ..\data\crelvohr\crelvohr.png
[2021-06-22 00:10:46,061] INFO     sbp              Loaded file ..\data\crelvohr\crelvohr.png
[2021-06-22 00:10:46,061] INFO     sbp              Loaded file ..\data\crelvohr\crelvohr.png
[2021-06-22 00:10:46,062] INFO     sbp              Loading ..\data\crelvohr\crelvohr.png
[2021-06-22 00:10:46,062] INFO     sbp              Loading ..\data\crelvohr\crelvohr.png
[2021-06-22 00:10:46,062] DEBUG    sbp.columniser   Received 103 lines
[2021-06-22 00:10:46,062] DEBUG    sbp.columniser   Received 103 lines
[2021-06-22 00:10:46,062] DEBUG    sbp.columniser   Initial pass found 5 columns
[2021-06-22 00:10:46,062] DEBUG    sbp.columniser   Initial pass found 5 columns
[2021-06-22 00:10:46,062] DEBUG    sbp.columniser   	Col 0: Length 43
[2021-06-22 00:10:46,062] DEBUG    sbp.columniser   	Col 0: Length 43
[2021-06-22 00:10:46,062] DEBUG    sbp.columniser   	Col 1: Length 3
[2021-06-22 00:10:46,062] DEBUG    sbp.columniser   	Col 1: Length 3
[2021-06-22 00:10:46,062] DEBUG    sbp.columniser   	Col 2: Length 6
[2021-06-22 00:10:46,062] DEBUG    sbp.columniser   	Col 2: Length 6
[2021-06-22 00:10:46,062] DEBUG    sbp.columniser   	Col 3: Length 3
[2021-06-22 00:10:46,062] DEBUG    sbp.columniser   	Col 3: Length 3
[2021-06-22 00:10:46,062] DEBUG    sbp.columniser   	Col 4: Length 48
[2021-06-22 00:10:46,062] DEBUG    sbp.columniser   	Col 4: Length 48
[2021-06-22 00:10:46,062] DEBUG    sbp.columniser   2 columns remain after column merging
[2021-06-22 00:10:46,062] DEBUG    sbp.columniser   2 columns remain after column merging
[2021-06-22 00:10:46,062] DEBUG    sbp.columniser   	Col 0: 55 -> 40 lines after merging
[2021-06-22 00:10:46,062] DEBUG    sbp.columniser   	Col 0: 55 -> 40 lines after merging
[2021-06-22 00:10:46,063] DEBUG    sbp.columniser   	Col 1: 48 -> 48 lines after merging
[2021-06-22 00:10:46,063] DEBUG    sbp.columniser   	Col 1: 48 -> 48 lines after merging
[2021-06-22 00:10:46,064] DEBUG    sbp.clusterer    Found reasonable threshold of 0.002%
[2021-06-22 00:10:46,064] DEBUG    sbp.clusterer    Found reasonable threshold of 0.002%
[2021-06-22 00:10:46,064] DEBUG    sbp.clusterer    Using clustering threshold of 0.002
[2021-06-22 00:10:46,064] DEBUG    sbp.clusterer    Using clustering threshold of 0.002
[2021-06-22 00:10:46,064] DEBUG    sbp.clusterer    Found reasonable threshold of 0.007%
[2021-06-22 00:10:46,064] DEBUG    sbp.clusterer    Found reasonable threshold of 0.007%
[2021-06-22 00:10:46,064] DEBUG    sbp.clusterer    Using clustering threshold of 0.007
[2021-06-22 00:10:46,064] DEBUG    sbp.clusterer    Using clustering threshold of 0.007
[2021-06-22 00:10:46,065] DEBUG    sbp.clusanno     Annotating 20 Sections
[2021-06-22 00:10:46,065] DEBUG    sbp.clusanno     Annotating 20 Sections
[2021-06-22 00:10:46,065] DEBUG    sbp.clusanno     Annotating 8 Sections
[2021-06-22 00:10:46,065] DEBUG    sbp.clusanno     Annotating 8 Sections
[2021-06-22 00:11:22,369] DEBUG    sbp.columniser   Configure columniser with parameters:
[2021-06-22 00:11:22,369] DEBUG    sbp.columniser   Configure columniser with parameters:
[2021-06-22 00:11:22,369] DEBUG    sbp.columniser   Configure columniser with parameters:
[2021-06-22 00:11:22,370] DEBUG    sbp.columniser   	left_offset_leeway=0.01
[2021-06-22 00:11:22,370] DEBUG    sbp.columniser   	left_offset_leeway=0.01
[2021-06-22 00:11:22,370] DEBUG    sbp.columniser   	left_offset_leeway=0.01
[2021-06-22 00:11:22,370] DEBUG    sbp.columniser   	right_offset_leeway=0.1
[2021-06-22 00:11:22,370] DEBUG    sbp.columniser   	right_offset_leeway=0.1
[2021-06-22 00:11:22,370] DEBUG    sbp.columniser   	right_offset_leeway=0.1
[2021-06-22 00:11:22,370] DEBUG    sbp.columniser   	max_vertical_gap=0.01
[2021-06-22 00:11:22,370] DEBUG    sbp.columniser   	max_vertical_gap=0.01
[2021-06-22 00:11:22,370] DEBUG    sbp.columniser   	max_vertical_gap=0.01
[2021-06-22 00:11:22,370] DEBUG    sbp.columniser   	fuzzyness=0.01
[2021-06-22 00:11:22,370] DEBUG    sbp.columniser   	fuzzyness=0.01
[2021-06-22 00:11:22,370] DEBUG    sbp.columniser   	fuzzyness=0.01
[2021-06-22 00:11:22,370] DEBUG    sbp.clusterer    Configured Clusterer with config:
[2021-06-22 00:11:22,370] DEBUG    sbp.clusterer    Configured Clusterer with config:
[2021-06-22 00:11:22,370] DEBUG    sbp.clusterer    Configured Clusterer with config:
[2021-06-22 00:11:22,370] DEBUG    sbp.clusterer    	Fuzzyness=1.0
[2021-06-22 00:11:22,370] DEBUG    sbp.clusterer    	Fuzzyness=1.0
[2021-06-22 00:11:22,370] DEBUG    sbp.clusterer    	Fuzzyness=1.0
[2021-06-22 00:11:22,370] DEBUG    sbp.clusterer    	Min Gap=0.0
[2021-06-22 00:11:22,370] DEBUG    sbp.clusterer    	Min Gap=0.0
[2021-06-22 00:11:22,370] DEBUG    sbp.clusterer    	Min Gap=0.0
[2021-06-22 00:11:22,370] DEBUG    sbp.clusterer    	Max Gap=1.0
[2021-06-22 00:11:22,370] DEBUG    sbp.clusterer    	Max Gap=1.0
[2021-06-22 00:11:22,370] DEBUG    sbp.clusterer    	Max Gap=1.0
[2021-06-22 00:11:22,370] DEBUG    sbp.clusanno     Configured SectionAnnotator
[2021-06-22 00:11:22,370] DEBUG    sbp.clusanno     Configured SectionAnnotator
[2021-06-22 00:11:22,370] DEBUG    sbp.clusanno     Configured SectionAnnotator
[2021-06-22 00:11:22,371] INFO     sbp.txloader     Retrieving cached result for ..\data\crelvohr\crelvohr.png
[2021-06-22 00:11:22,371] INFO     sbp.txloader     Retrieving cached result for ..\data\crelvohr\crelvohr.png
[2021-06-22 00:11:22,371] INFO     sbp.txloader     Retrieving cached result for ..\data\crelvohr\crelvohr.png
[2021-06-22 00:11:22,393] INFO     sbp              Loaded file ..\data\crelvohr\crelvohr.png
[2021-06-22 00:11:22,393] INFO     sbp              Loaded file ..\data\crelvohr\crelvohr.png
[2021-06-22 00:11:22,393] INFO     sbp              Loaded file ..\data\crelvohr\crelvohr.png
[2021-06-22 00:11:22,393] INFO     sbp              Loading ..\data\crelvohr\crelvohr.png
[2021-06-22 00:11:22,393] INFO     sbp              Loading ..\data\crelvohr\crelvohr.png
[2021-06-22 00:11:22,393] INFO     sbp              Loading ..\data\crelvohr\crelvohr.png
[2021-06-22 00:11:22,393] DEBUG    sbp.columniser   Received 103 lines
[2021-06-22 00:11:22,393] DEBUG    sbp.columniser   Received 103 lines
[2021-06-22 00:11:22,393] DEBUG    sbp.columniser   Received 103 lines
[2021-06-22 00:11:22,394] DEBUG    sbp.columniser   Initial pass found 5 columns
[2021-06-22 00:11:22,394] DEBUG    sbp.columniser   Initial pass found 5 columns
[2021-06-22 00:11:22,394] DEBUG    sbp.columniser   Initial pass found 5 columns
[2021-06-22 00:11:22,394] DEBUG    sbp.columniser   	Col 0: Length 43
[2021-06-22 00:11:22,394] DEBUG    sbp.columniser   	Col 0: Length 43
[2021-06-22 00:11:22,394] DEBUG    sbp.columniser   	Col 0: Length 43
[2021-06-22 00:11:22,394] DEBUG    sbp.columniser   	Col 1: Length 3
[2021-06-22 00:11:22,394] DEBUG    sbp.columniser   	Col 1: Length 3
[2021-06-22 00:11:22,394] DEBUG    sbp.columniser   	Col 1: Length 3
[2021-06-22 00:11:22,394] DEBUG    sbp.columniser   	Col 2: Length 6
[2021-06-22 00:11:22,394] DEBUG    sbp.columniser   	Col 2: Length 6
[2021-06-22 00:11:22,394] DEBUG    sbp.columniser   	Col 2: Length 6
[2021-06-22 00:11:22,394] DEBUG    sbp.columniser   	Col 3: Length 3
[2021-06-22 00:11:22,394] DEBUG    sbp.columniser   	Col 3: Length 3
[2021-06-22 00:11:22,394] DEBUG    sbp.columniser   	Col 3: Length 3
[2021-06-22 00:11:22,394] DEBUG    sbp.columniser   	Col 4: Length 48
[2021-06-22 00:11:22,394] DEBUG    sbp.columniser   	Col 4: Length 48
[2021-06-22 00:11:22,394] DEBUG    sbp.columniser   	Col 4: Length 48
[2021-06-22 00:11:22,394] DEBUG    sbp.columniser   2 columns remain after column merging
[2021-06-22 00:11:22,394] DEBUG    sbp.columniser   2 columns remain after column merging
[2021-06-22 00:11:22,394] DEBUG    sbp.columniser   2 columns remain after column merging
[2021-06-22 00:11:22,394] DEBUG    sbp.columniser   	Col 0: 55 -> 40 lines after merging
[2021-06-22 00:11:22,394] DEBUG    sbp.columniser   	Col 0: 55 -> 40 lines after merging
[2021-06-22 00:11:22,394] DEBUG    sbp.columniser   	Col 0: 55 -> 40 lines after merging
[2021-06-22 00:11:22,395] DEBUG    sbp.columniser   	Col 1: 48 -> 48 lines after merging
[2021-06-22 00:11:22,395] DEBUG    sbp.columniser   	Col 1: 48 -> 48 lines after merging
[2021-06-22 00:11:22,395] DEBUG    sbp.columniser   	Col 1: 48 -> 48 lines after merging
[2021-06-22 00:11:22,396] DEBUG    sbp.clusterer    Found reasonable threshold of 0.002%
[2021-06-22 00:11:22,396] DEBUG    sbp.clusterer    Found reasonable threshold of 0.002%
[2021-06-22 00:11:22,396] DEBUG    sbp.clusterer    Found reasonable threshold of 0.002%
[2021-06-22 00:11:22,396] DEBUG    sbp.clusterer    Using clustering threshold of 0.002
[2021-06-22 00:11:22,396] DEBUG    sbp.clusterer    Using clustering threshold of 0.002
[2021-06-22 00:11:22,396] DEBUG    sbp.clusterer    Using clustering threshold of 0.002
[2021-06-22 00:11:22,396] DEBUG    sbp.clusterer    Found reasonable threshold of 0.007%
[2021-06-22 00:11:22,396] DEBUG    sbp.clusterer    Found reasonable threshold of 0.007%
[2021-06-22 00:11:22,396] DEBUG    sbp.clusterer    Found reasonable threshold of 0.007%
[2021-06-22 00:11:22,397] DEBUG    sbp.clusterer    Using clustering threshold of 0.007
[2021-06-22 00:11:22,397] DEBUG    sbp.clusterer    Using clustering threshold of 0.007
[2021-06-22 00:11:22,397] DEBUG    sbp.clusterer    Using clustering threshold of 0.007
[2021-06-22 00:11:22,397] DEBUG    sbp.clusanno     Annotating 20 Sections
[2021-06-22 00:11:22,397] DEBUG    sbp.clusanno     Annotating 20 Sections
[2021-06-22 00:11:22,397] DEBUG    sbp.clusanno     Annotating 20 Sections
[2021-06-22 00:11:22,397] DEBUG    sbp.clusanno     Annotating 8 Sections
[2021-06-22 00:11:22,397] DEBUG    sbp.clusanno     Annotating 8 Sections
[2021-06-22 00:11:22,397] DEBUG    sbp.clusanno     Annotating 8 Sections
[2021-06-22 00:11:29,332] DEBUG    sbp.columniser   Configure columniser with parameters:
[2021-06-22 00:11:29,332] DEBUG    sbp.columniser   Configure columniser with parameters:
[2021-06-22 00:11:29,332] DEBUG    sbp.columniser   Configure columniser with parameters:
[2021-06-22 00:11:29,332] DEBUG    sbp.columniser   	left_offset_leeway=0.01
[2021-06-22 00:11:29,332] DEBUG    sbp.columniser   	left_offset_leeway=0.01
[2021-06-22 00:11:29,332] DEBUG    sbp.columniser   	left_offset_leeway=0.01
[2021-06-22 00:11:29,332] DEBUG    sbp.columniser   	right_offset_leeway=0.1
[2021-06-22 00:11:29,332] DEBUG    sbp.columniser   	right_offset_leeway=0.1
[2021-06-22 00:11:29,332] DEBUG    sbp.columniser   	right_offset_leeway=0.1
[2021-06-22 00:11:29,333] DEBUG    sbp.columniser   	max_vertical_gap=0.01
[2021-06-22 00:11:29,333] DEBUG    sbp.columniser   	max_vertical_gap=0.01
[2021-06-22 00:11:29,333] DEBUG    sbp.columniser   	max_vertical_gap=0.01
[2021-06-22 00:11:29,333] DEBUG    sbp.columniser   	fuzzyness=0.01
[2021-06-22 00:11:29,333] DEBUG    sbp.columniser   	fuzzyness=0.01
[2021-06-22 00:11:29,333] DEBUG    sbp.columniser   	fuzzyness=0.01
[2021-06-22 00:11:29,333] DEBUG    sbp.clusterer    Configured Clusterer with config:
[2021-06-22 00:11:29,333] DEBUG    sbp.clusterer    Configured Clusterer with config:
[2021-06-22 00:11:29,333] DEBUG    sbp.clusterer    Configured Clusterer with config:
[2021-06-22 00:11:29,333] DEBUG    sbp.clusterer    	Fuzzyness=1.0
[2021-06-22 00:11:29,333] DEBUG    sbp.clusterer    	Fuzzyness=1.0
[2021-06-22 00:11:29,333] DEBUG    sbp.clusterer    	Fuzzyness=1.0
[2021-06-22 00:11:29,333] DEBUG    sbp.clusterer    	Min Gap=0.0
[2021-06-22 00:11:29,333] DEBUG    sbp.clusterer    	Min Gap=0.0
[2021-06-22 00:11:29,333] DEBUG    sbp.clusterer    	Min Gap=0.0
[2021-06-22 00:11:29,333] DEBUG    sbp.clusterer    	Max Gap=1.0
[2021-06-22 00:11:29,333] DEBUG    sbp.clusterer    	Max Gap=1.0
[2021-06-22 00:11:29,333] DEBUG    sbp.clusterer    	Max Gap=1.0
[2021-06-22 00:11:29,333] DEBUG    sbp.clusanno     Configured SectionAnnotator
[2021-06-22 00:11:29,333] DEBUG    sbp.clusanno     Configured SectionAnnotator
[2021-06-22 00:11:29,333] DEBUG    sbp.clusanno     Configured SectionAnnotator
[2021-06-22 00:11:29,334] INFO     sbp.txloader     Retrieving cached result for ..\data\crelvohr\crelvohr.png
[2021-06-22 00:11:29,334] INFO     sbp.txloader     Retrieving cached result for ..\data\crelvohr\crelvohr.png
[2021-06-22 00:11:29,334] INFO     sbp.txloader     Retrieving cached result for ..\data\crelvohr\crelvohr.png
[2021-06-22 00:11:29,385] INFO     sbp              Loaded file ..\data\crelvohr\crelvohr.png
[2021-06-22 00:11:29,385] INFO     sbp              Loaded file ..\data\crelvohr\crelvohr.png
[2021-06-22 00:11:29,385] INFO     sbp              Loaded file ..\data\crelvohr\crelvohr.png
[2021-06-22 00:11:29,385] INFO     sbp              Loading ..\data\crelvohr\crelvohr.png
[2021-06-22 00:11:29,385] INFO     sbp              Loading ..\data\crelvohr\crelvohr.png
[2021-06-22 00:11:29,385] INFO     sbp              Loading ..\data\crelvohr\crelvohr.png
[2021-06-22 00:11:29,385] DEBUG    sbp.columniser   Received 103 lines
[2021-06-22 00:11:29,385] DEBUG    sbp.columniser   Received 103 lines
[2021-06-22 00:11:29,385] DEBUG    sbp.columniser   Received 103 lines
[2021-06-22 00:11:29,386] DEBUG    sbp.columniser   Initial pass found 5 columns
[2021-06-22 00:11:29,386] DEBUG    sbp.columniser   Initial pass found 5 columns
[2021-06-22 00:11:29,386] DEBUG    sbp.columniser   Initial pass found 5 columns
[2021-06-22 00:11:29,386] DEBUG    sbp.columniser   	Col 0: Length 43
[2021-06-22 00:11:29,386] DEBUG    sbp.columniser   	Col 0: Length 43
[2021-06-22 00:11:29,386] DEBUG    sbp.columniser   	Col 0: Length 43
[2021-06-22 00:11:29,386] DEBUG    sbp.columniser   	Col 1: Length 3
[2021-06-22 00:11:29,386] DEBUG    sbp.columniser   	Col 1: Length 3
[2021-06-22 00:11:29,386] DEBUG    sbp.columniser   	Col 1: Length 3
[2021-06-22 00:11:29,386] DEBUG    sbp.columniser   	Col 2: Length 6
[2021-06-22 00:11:29,386] DEBUG    sbp.columniser   	Col 2: Length 6
[2021-06-22 00:11:29,386] DEBUG    sbp.columniser   	Col 2: Length 6
[2021-06-22 00:11:29,386] DEBUG    sbp.columniser   	Col 3: Length 3
[2021-06-22 00:11:29,386] DEBUG    sbp.columniser   	Col 3: Length 3
[2021-06-22 00:11:29,386] DEBUG    sbp.columniser   	Col 3: Length 3
[2021-06-22 00:11:29,386] DEBUG    sbp.columniser   	Col 4: Length 48
[2021-06-22 00:11:29,386] DEBUG    sbp.columniser   	Col 4: Length 48
[2021-06-22 00:11:29,386] DEBUG    sbp.columniser   	Col 4: Length 48
[2021-06-22 00:11:29,386] DEBUG    sbp.columniser   2 columns remain after column merging
[2021-06-22 00:11:29,386] DEBUG    sbp.columniser   2 columns remain after column merging
[2021-06-22 00:11:29,386] DEBUG    sbp.columniser   2 columns remain after column merging
[2021-06-22 00:11:29,386] DEBUG    sbp.columniser   	Col 0: 55 -> 40 lines after merging
[2021-06-22 00:11:29,386] DEBUG    sbp.columniser   	Col 0: 55 -> 40 lines after merging
[2021-06-22 00:11:29,386] DEBUG    sbp.columniser   	Col 0: 55 -> 40 lines after merging
[2021-06-22 00:11:29,387] DEBUG    sbp.columniser   	Col 1: 48 -> 48 lines after merging
[2021-06-22 00:11:29,387] DEBUG    sbp.columniser   	Col 1: 48 -> 48 lines after merging
[2021-06-22 00:11:29,387] DEBUG    sbp.columniser   	Col 1: 48 -> 48 lines after merging
[2021-06-22 00:11:29,388] DEBUG    sbp.clusterer    Found reasonable threshold of 0.002%
[2021-06-22 00:11:29,388] DEBUG    sbp.clusterer    Found reasonable threshold of 0.002%
[2021-06-22 00:11:29,388] DEBUG    sbp.clusterer    Found reasonable threshold of 0.002%
[2021-06-22 00:11:29,388] DEBUG    sbp.clusterer    Using clustering threshold of 0.002
[2021-06-22 00:11:29,388] DEBUG    sbp.clusterer    Using clustering threshold of 0.002
[2021-06-22 00:11:29,388] DEBUG    sbp.clusterer    Using clustering threshold of 0.002
[2021-06-22 00:11:29,388] DEBUG    sbp.clusterer    Found reasonable threshold of 0.007%
[2021-06-22 00:11:29,388] DEBUG    sbp.clusterer    Found reasonable threshold of 0.007%
[2021-06-22 00:11:29,388] DEBUG    sbp.clusterer    Found reasonable threshold of 0.007%
[2021-06-22 00:11:29,388] DEBUG    sbp.clusterer    Using clustering threshold of 0.007
[2021-06-22 00:11:29,388] DEBUG    sbp.clusterer    Using clustering threshold of 0.007
[2021-06-22 00:11:29,388] DEBUG    sbp.clusterer    Using clustering threshold of 0.007
[2021-06-22 00:11:29,388] DEBUG    sbp.clusanno     Annotating 20 Sections
[2021-06-22 00:11:29,388] DEBUG    sbp.clusanno     Annotating 20 Sections
[2021-06-22 00:11:29,388] DEBUG    sbp.clusanno     Annotating 20 Sections
[2021-06-22 00:11:29,389] DEBUG    sbp.clusanno     Annotating 8 Sections
[2021-06-22 00:11:29,389] DEBUG    sbp.clusanno     Annotating 8 Sections
[2021-06-22 00:11:29,389] DEBUG    sbp.clusanno     Annotating 8 Sections
[2021-06-22 00:12:01,116] DEBUG    sbp.columniser   Configure columniser with parameters:
[2021-06-22 00:12:01,116] DEBUG    sbp.columniser   Configure columniser with parameters:
[2021-06-22 00:12:01,116] DEBUG    sbp.columniser   Configure columniser with parameters:
[2021-06-22 00:12:01,117] DEBUG    sbp.columniser   	left_offset_leeway=0.01
[2021-06-22 00:12:01,117] DEBUG    sbp.columniser   	left_offset_leeway=0.01
[2021-06-22 00:12:01,117] DEBUG    sbp.columniser   	left_offset_leeway=0.01
[2021-06-22 00:12:01,118] DEBUG    sbp.columniser   	right_offset_leeway=0.1
[2021-06-22 00:12:01,118] DEBUG    sbp.columniser   	right_offset_leeway=0.1
[2021-06-22 00:12:01,118] DEBUG    sbp.columniser   	right_offset_leeway=0.1
[2021-06-22 00:12:01,118] DEBUG    sbp.columniser   	max_vertical_gap=0.01
[2021-06-22 00:12:01,118] DEBUG    sbp.columniser   	max_vertical_gap=0.01
[2021-06-22 00:12:01,118] DEBUG    sbp.columniser   	max_vertical_gap=0.01
[2021-06-22 00:12:01,119] DEBUG    sbp.columniser   	fuzzyness=0.01
[2021-06-22 00:12:01,119] DEBUG    sbp.columniser   	fuzzyness=0.01
[2021-06-22 00:12:01,119] DEBUG    sbp.columniser   	fuzzyness=0.01
[2021-06-22 00:12:01,120] DEBUG    sbp.clusterer    Configured Clusterer with config:
[2021-06-22 00:12:01,120] DEBUG    sbp.clusterer    Configured Clusterer with config:
[2021-06-22 00:12:01,120] DEBUG    sbp.clusterer    Configured Clusterer with config:
[2021-06-22 00:12:01,120] DEBUG    sbp.clusterer    	Fuzzyness=1.0
[2021-06-22 00:12:01,120] DEBUG    sbp.clusterer    	Fuzzyness=1.0
[2021-06-22 00:12:01,120] DEBUG    sbp.clusterer    	Fuzzyness=1.0
[2021-06-22 00:12:01,121] DEBUG    sbp.clusterer    	Min Gap=0.0
[2021-06-22 00:12:01,121] DEBUG    sbp.clusterer    	Min Gap=0.0
[2021-06-22 00:12:01,121] DEBUG    sbp.clusterer    	Min Gap=0.0
[2021-06-22 00:12:01,121] DEBUG    sbp.clusterer    	Max Gap=1.0
[2021-06-22 00:12:01,121] DEBUG    sbp.clusterer    	Max Gap=1.0
[2021-06-22 00:12:01,121] DEBUG    sbp.clusterer    	Max Gap=1.0
[2021-06-22 00:12:01,122] DEBUG    sbp.clusanno     Configured SectionAnnotator
[2021-06-22 00:12:01,122] DEBUG    sbp.clusanno     Configured SectionAnnotator
[2021-06-22 00:12:01,122] DEBUG    sbp.clusanno     Configured SectionAnnotator
[2021-06-22 00:12:01,123] INFO     sbp.txloader     Retrieving cached result for ..\data\crelvohr\crelvohr.png
[2021-06-22 00:12:01,123] INFO     sbp.txloader     Retrieving cached result for ..\data\crelvohr\crelvohr.png
[2021-06-22 00:12:01,123] INFO     sbp.txloader     Retrieving cached result for ..\data\crelvohr\crelvohr.png
[2021-06-22 00:12:01,146] INFO     sbp              Loaded file ..\data\crelvohr\crelvohr.png
[2021-06-22 00:12:01,146] INFO     sbp              Loaded file ..\data\crelvohr\crelvohr.png
[2021-06-22 00:12:01,146] INFO     sbp              Loaded file ..\data\crelvohr\crelvohr.png
[2021-06-22 00:12:01,147] INFO     sbp              Loading ..\data\crelvohr\crelvohr.png
[2021-06-22 00:12:01,147] INFO     sbp              Loading ..\data\crelvohr\crelvohr.png
[2021-06-22 00:12:01,147] INFO     sbp              Loading ..\data\crelvohr\crelvohr.png
[2021-06-22 00:12:01,147] DEBUG    sbp.columniser   Received 103 lines
[2021-06-22 00:12:01,147] DEBUG    sbp.columniser   Received 103 lines
[2021-06-22 00:12:01,147] DEBUG    sbp.columniser   Received 103 lines
[2021-06-22 00:12:01,148] DEBUG    sbp.columniser   Initial pass found 5 columns
[2021-06-22 00:12:01,148] DEBUG    sbp.columniser   Initial pass found 5 columns
[2021-06-22 00:12:01,148] DEBUG    sbp.columniser   Initial pass found 5 columns
[2021-06-22 00:12:01,149] DEBUG    sbp.columniser   	Col 0: Length 43
[2021-06-22 00:12:01,149] DEBUG    sbp.columniser   	Col 0: Length 43
[2021-06-22 00:12:01,149] DEBUG    sbp.columniser   	Col 0: Length 43
[2021-06-22 00:12:01,149] DEBUG    sbp.columniser   	Col 1: Length 3
[2021-06-22 00:12:01,149] DEBUG    sbp.columniser   	Col 1: Length 3
[2021-06-22 00:12:01,149] DEBUG    sbp.columniser   	Col 1: Length 3
[2021-06-22 00:12:01,150] DEBUG    sbp.columniser   	Col 2: Length 6
[2021-06-22 00:12:01,150] DEBUG    sbp.columniser   	Col 2: Length 6
[2021-06-22 00:12:01,150] DEBUG    sbp.columniser   	Col 2: Length 6
[2021-06-22 00:12:01,151] DEBUG    sbp.columniser   	Col 3: Length 3
[2021-06-22 00:12:01,151] DEBUG    sbp.columniser   	Col 3: Length 3
[2021-06-22 00:12:01,151] DEBUG    sbp.columniser   	Col 3: Length 3
[2021-06-22 00:12:01,151] DEBUG    sbp.columniser   	Col 4: Length 48
[2021-06-22 00:12:01,151] DEBUG    sbp.columniser   	Col 4: Length 48
[2021-06-22 00:12:01,151] DEBUG    sbp.columniser   	Col 4: Length 48
[2021-06-22 00:12:01,152] DEBUG    sbp.columniser   2 columns remain after column merging
[2021-06-22 00:12:01,152] DEBUG    sbp.columniser   2 columns remain after column merging
[2021-06-22 00:12:01,152] DEBUG    sbp.columniser   2 columns remain after column merging
[2021-06-22 00:12:01,152] DEBUG    sbp.columniser   	Col 0: 55 -> 40 lines after merging
[2021-06-22 00:12:01,152] DEBUG    sbp.columniser   	Col 0: 55 -> 40 lines after merging
[2021-06-22 00:12:01,152] DEBUG    sbp.columniser   	Col 0: 55 -> 40 lines after merging
[2021-06-22 00:12:01,153] DEBUG    sbp.columniser   	Col 1: 48 -> 48 lines after merging
[2021-06-22 00:12:01,153] DEBUG    sbp.columniser   	Col 1: 48 -> 48 lines after merging
[2021-06-22 00:12:01,153] DEBUG    sbp.columniser   	Col 1: 48 -> 48 lines after merging
[2021-06-22 00:12:01,155] DEBUG    sbp.clusterer    Found reasonable threshold of 0.002%
[2021-06-22 00:12:01,155] DEBUG    sbp.clusterer    Found reasonable threshold of 0.002%
[2021-06-22 00:12:01,155] DEBUG    sbp.clusterer    Found reasonable threshold of 0.002%
[2021-06-22 00:12:01,155] DEBUG    sbp.clusterer    Using clustering threshold of 0.002
[2021-06-22 00:12:01,155] DEBUG    sbp.clusterer    Using clustering threshold of 0.002
[2021-06-22 00:12:01,155] DEBUG    sbp.clusterer    Using clustering threshold of 0.002
[2021-06-22 00:12:01,156] DEBUG    sbp.clusterer    Found reasonable threshold of 0.007%
[2021-06-22 00:12:01,156] DEBUG    sbp.clusterer    Found reasonable threshold of 0.007%
[2021-06-22 00:12:01,156] DEBUG    sbp.clusterer    Found reasonable threshold of 0.007%
[2021-06-22 00:12:01,156] DEBUG    sbp.clusterer    Using clustering threshold of 0.007
[2021-06-22 00:12:01,156] DEBUG    sbp.clusterer    Using clustering threshold of 0.007
[2021-06-22 00:12:01,156] DEBUG    sbp.clusterer    Using clustering threshold of 0.007
[2021-06-22 00:12:01,157] DEBUG    sbp.clusanno     Annotating 20 Sections
[2021-06-22 00:12:01,157] DEBUG    sbp.clusanno     Annotating 20 Sections
[2021-06-22 00:12:01,157] DEBUG    sbp.clusanno     Annotating 20 Sections
[2021-06-22 00:12:01,157] DEBUG    sbp.clusanno     Annotating 8 Sections
[2021-06-22 00:12:01,157] DEBUG    sbp.clusanno     Annotating 8 Sections
[2021-06-22 00:12:01,157] DEBUG    sbp.clusanno     Annotating 8 Sections
[2021-06-22 00:13:02,061] DEBUG    sbp.columniser   Configure columniser with parameters:
[2021-06-22 00:13:02,061] DEBUG    sbp.columniser   Configure columniser with parameters:
[2021-06-22 00:13:02,061] DEBUG    sbp.columniser   Configure columniser with parameters:
[2021-06-22 00:13:02,062] DEBUG    sbp.columniser   	left_offset_leeway=0.01
[2021-06-22 00:13:02,062] DEBUG    sbp.columniser   	left_offset_leeway=0.01
[2021-06-22 00:13:02,062] DEBUG    sbp.columniser   	left_offset_leeway=0.01
[2021-06-22 00:13:02,063] DEBUG    sbp.columniser   	right_offset_leeway=0.1
[2021-06-22 00:13:02,063] DEBUG    sbp.columniser   	right_offset_leeway=0.1
[2021-06-22 00:13:02,063] DEBUG    sbp.columniser   	right_offset_leeway=0.1
[2021-06-22 00:13:02,064] DEBUG    sbp.columniser   	max_vertical_gap=0.01
[2021-06-22 00:13:02,064] DEBUG    sbp.columniser   	max_vertical_gap=0.01
[2021-06-22 00:13:02,064] DEBUG    sbp.columniser   	max_vertical_gap=0.01
[2021-06-22 00:13:02,065] DEBUG    sbp.columniser   	fuzzyness=0.01
[2021-06-22 00:13:02,065] DEBUG    sbp.columniser   	fuzzyness=0.01
[2021-06-22 00:13:02,065] DEBUG    sbp.columniser   	fuzzyness=0.01
[2021-06-22 00:13:02,066] DEBUG    sbp.clusterer    Configured Clusterer with config:
[2021-06-22 00:13:02,066] DEBUG    sbp.clusterer    Configured Clusterer with config:
[2021-06-22 00:13:02,066] DEBUG    sbp.clusterer    Configured Clusterer with config:
[2021-06-22 00:13:02,067] DEBUG    sbp.clusterer    	Fuzzyness=1.0
[2021-06-22 00:13:02,067] DEBUG    sbp.clusterer    	Fuzzyness=1.0
[2021-06-22 00:13:02,067] DEBUG    sbp.clusterer    	Fuzzyness=1.0
[2021-06-22 00:13:02,068] DEBUG    sbp.clusterer    	Min Gap=0.0
[2021-06-22 00:13:02,068] DEBUG    sbp.clusterer    	Min Gap=0.0
[2021-06-22 00:13:02,068] DEBUG    sbp.clusterer    	Min Gap=0.0
[2021-06-22 00:13:02,069] DEBUG    sbp.clusterer    	Max Gap=1.0
[2021-06-22 00:13:02,069] DEBUG    sbp.clusterer    	Max Gap=1.0
[2021-06-22 00:13:02,069] DEBUG    sbp.clusterer    	Max Gap=1.0
[2021-06-22 00:13:02,069] DEBUG    sbp.clusanno     Configured SectionAnnotator
[2021-06-22 00:13:02,069] DEBUG    sbp.clusanno     Configured SectionAnnotator
[2021-06-22 00:13:02,069] DEBUG    sbp.clusanno     Configured SectionAnnotator
[2021-06-22 00:13:02,071] INFO     sbp.txloader     Retrieving cached result for ..\data\crelvohr\crelvohr.png
[2021-06-22 00:13:02,071] INFO     sbp.txloader     Retrieving cached result for ..\data\crelvohr\crelvohr.png
[2021-06-22 00:13:02,071] INFO     sbp.txloader     Retrieving cached result for ..\data\crelvohr\crelvohr.png
[2021-06-22 00:13:02,095] INFO     sbp              Loaded file ..\data\crelvohr\crelvohr.png
[2021-06-22 00:13:02,095] INFO     sbp              Loaded file ..\data\crelvohr\crelvohr.png
[2021-06-22 00:13:02,095] INFO     sbp              Loaded file ..\data\crelvohr\crelvohr.png
[2021-06-22 00:13:02,096] INFO     sbp              Loading ..\data\crelvohr\crelvohr.png
[2021-06-22 00:13:02,096] INFO     sbp              Loading ..\data\crelvohr\crelvohr.png
[2021-06-22 00:13:02,096] INFO     sbp              Loading ..\data\crelvohr\crelvohr.png
[2021-06-22 00:13:02,096] DEBUG    sbp.columniser   Received 103 lines
[2021-06-22 00:13:02,096] DEBUG    sbp.columniser   Received 103 lines
[2021-06-22 00:13:02,096] DEBUG    sbp.columniser   Received 103 lines
[2021-06-22 00:13:02,098] DEBUG    sbp.columniser   Initial pass found 5 columns
[2021-06-22 00:13:02,098] DEBUG    sbp.columniser   Initial pass found 5 columns
[2021-06-22 00:13:02,098] DEBUG    sbp.columniser   Initial pass found 5 columns
[2021-06-22 00:13:02,098] DEBUG    sbp.columniser   	Col 0: Length 43
[2021-06-22 00:13:02,098] DEBUG    sbp.columniser   	Col 0: Length 43
[2021-06-22 00:13:02,098] DEBUG    sbp.columniser   	Col 0: Length 43
[2021-06-22 00:13:02,099] DEBUG    sbp.columniser   	Col 1: Length 3
[2021-06-22 00:13:02,099] DEBUG    sbp.columniser   	Col 1: Length 3
[2021-06-22 00:13:02,099] DEBUG    sbp.columniser   	Col 1: Length 3
[2021-06-22 00:13:02,100] DEBUG    sbp.columniser   	Col 2: Length 6
[2021-06-22 00:13:02,100] DEBUG    sbp.columniser   	Col 2: Length 6
[2021-06-22 00:13:02,100] DEBUG    sbp.columniser   	Col 2: Length 6
[2021-06-22 00:13:02,101] DEBUG    sbp.columniser   	Col 3: Length 3
[2021-06-22 00:13:02,101] DEBUG    sbp.columniser   	Col 3: Length 3
[2021-06-22 00:13:02,101] DEBUG    sbp.columniser   	Col 3: Length 3
[2021-06-22 00:13:02,101] DEBUG    sbp.columniser   	Col 4: Length 48
[2021-06-22 00:13:02,101] DEBUG    sbp.columniser   	Col 4: Length 48
[2021-06-22 00:13:02,101] DEBUG    sbp.columniser   	Col 4: Length 48
[2021-06-22 00:13:02,105] DEBUG    sbp.columniser   2 columns remain after column merging
[2021-06-22 00:13:02,105] DEBUG    sbp.columniser   2 columns remain after column merging
[2021-06-22 00:13:02,105] DEBUG    sbp.columniser   2 columns remain after column merging
[2021-06-22 00:13:02,106] DEBUG    sbp.columniser   	Col 0: 55 -> 40 lines after merging
[2021-06-22 00:13:02,106] DEBUG    sbp.columniser   	Col 0: 55 -> 40 lines after merging
[2021-06-22 00:13:02,106] DEBUG    sbp.columniser   	Col 0: 55 -> 40 lines after merging
[2021-06-22 00:13:02,107] DEBUG    sbp.columniser   	Col 1: 48 -> 48 lines after merging
[2021-06-22 00:13:02,107] DEBUG    sbp.columniser   	Col 1: 48 -> 48 lines after merging
[2021-06-22 00:13:02,107] DEBUG    sbp.columniser   	Col 1: 48 -> 48 lines after merging
[2021-06-22 00:13:02,109] DEBUG    sbp.clusterer    Found reasonable threshold of 0.002%
[2021-06-22 00:13:02,109] DEBUG    sbp.clusterer    Found reasonable threshold of 0.002%
[2021-06-22 00:13:02,109] DEBUG    sbp.clusterer    Found reasonable threshold of 0.002%
[2021-06-22 00:13:02,110] DEBUG    sbp.clusterer    Using clustering threshold of 0.002
[2021-06-22 00:13:02,110] DEBUG    sbp.clusterer    Using clustering threshold of 0.002
[2021-06-22 00:13:02,110] DEBUG    sbp.clusterer    Using clustering threshold of 0.002
[2021-06-22 00:13:02,111] DEBUG    sbp.clusterer    Found reasonable threshold of 0.007%
[2021-06-22 00:13:02,111] DEBUG    sbp.clusterer    Found reasonable threshold of 0.007%
[2021-06-22 00:13:02,111] DEBUG    sbp.clusterer    Found reasonable threshold of 0.007%
[2021-06-22 00:13:02,112] DEBUG    sbp.clusterer    Using clustering threshold of 0.007
[2021-06-22 00:13:02,112] DEBUG    sbp.clusterer    Using clustering threshold of 0.007
[2021-06-22 00:13:02,112] DEBUG    sbp.clusterer    Using clustering threshold of 0.007
[2021-06-22 00:13:02,113] DEBUG    sbp.clusanno     Annotating 20 Sections
[2021-06-22 00:13:02,113] DEBUG    sbp.clusanno     Annotating 20 Sections
[2021-06-22 00:13:02,113] DEBUG    sbp.clusanno     Annotating 20 Sections
[2021-06-22 00:13:02,114] DEBUG    sbp.clusanno     Annotating 8 Sections
[2021-06-22 00:13:02,114] DEBUG    sbp.clusanno     Annotating 8 Sections
[2021-06-22 00:13:02,114] DEBUG    sbp.clusanno     Annotating 8 Sections
[2021-06-22 00:13:56,464] DEBUG    sbp.columniser   Configure columniser with parameters:
[2021-06-22 00:13:56,464] DEBUG    sbp.columniser   Configure columniser with parameters:
[2021-06-22 00:13:56,464] DEBUG    sbp.columniser   Configure columniser with parameters:
[2021-06-22 00:13:56,465] DEBUG    sbp.columniser   	left_offset_leeway=0.01
[2021-06-22 00:13:56,465] DEBUG    sbp.columniser   	left_offset_leeway=0.01
[2021-06-22 00:13:56,465] DEBUG    sbp.columniser   	left_offset_leeway=0.01
[2021-06-22 00:13:56,465] DEBUG    sbp.columniser   	right_offset_leeway=0.1
[2021-06-22 00:13:56,465] DEBUG    sbp.columniser   	right_offset_leeway=0.1
[2021-06-22 00:13:56,465] DEBUG    sbp.columniser   	right_offset_leeway=0.1
[2021-06-22 00:13:56,467] DEBUG    sbp.columniser   	max_vertical_gap=0.01
[2021-06-22 00:13:56,467] DEBUG    sbp.columniser   	max_vertical_gap=0.01
[2021-06-22 00:13:56,467] DEBUG    sbp.columniser   	max_vertical_gap=0.01
[2021-06-22 00:13:56,468] DEBUG    sbp.columniser   	fuzzyness=0.01
[2021-06-22 00:13:56,468] DEBUG    sbp.columniser   	fuzzyness=0.01
[2021-06-22 00:13:56,468] DEBUG    sbp.columniser   	fuzzyness=0.01
[2021-06-22 00:13:56,468] DEBUG    sbp.clusterer    Configured Clusterer with config:
[2021-06-22 00:13:56,468] DEBUG    sbp.clusterer    Configured Clusterer with config:
[2021-06-22 00:13:56,468] DEBUG    sbp.clusterer    Configured Clusterer with config:
[2021-06-22 00:13:56,469] DEBUG    sbp.clusterer    	Fuzzyness=0.9
[2021-06-22 00:13:56,469] DEBUG    sbp.clusterer    	Fuzzyness=0.9
[2021-06-22 00:13:56,469] DEBUG    sbp.clusterer    	Fuzzyness=0.9
[2021-06-22 00:13:56,470] DEBUG    sbp.clusterer    	Min Gap=0.0
[2021-06-22 00:13:56,470] DEBUG    sbp.clusterer    	Min Gap=0.0
[2021-06-22 00:13:56,470] DEBUG    sbp.clusterer    	Min Gap=0.0
[2021-06-22 00:13:56,471] DEBUG    sbp.clusterer    	Max Gap=1.0
[2021-06-22 00:13:56,471] DEBUG    sbp.clusterer    	Max Gap=1.0
[2021-06-22 00:13:56,471] DEBUG    sbp.clusterer    	Max Gap=1.0
[2021-06-22 00:13:56,471] DEBUG    sbp.clusanno     Configured SectionAnnotator
[2021-06-22 00:13:56,471] DEBUG    sbp.clusanno     Configured SectionAnnotator
[2021-06-22 00:13:56,471] DEBUG    sbp.clusanno     Configured SectionAnnotator
[2021-06-22 00:13:56,473] INFO     sbp.txloader     Retrieving cached result for ..\data\crelvohr\crelvohr.png
[2021-06-22 00:13:56,473] INFO     sbp.txloader     Retrieving cached result for ..\data\crelvohr\crelvohr.png
[2021-06-22 00:13:56,473] INFO     sbp.txloader     Retrieving cached result for ..\data\crelvohr\crelvohr.png
[2021-06-22 00:13:56,498] INFO     sbp              Loaded file ..\data\crelvohr\crelvohr.png
[2021-06-22 00:13:56,498] INFO     sbp              Loaded file ..\data\crelvohr\crelvohr.png
[2021-06-22 00:13:56,498] INFO     sbp              Loaded file ..\data\crelvohr\crelvohr.png
[2021-06-22 00:13:56,499] INFO     sbp              Loading ..\data\crelvohr\crelvohr.png
[2021-06-22 00:13:56,499] INFO     sbp              Loading ..\data\crelvohr\crelvohr.png
[2021-06-22 00:13:56,499] INFO     sbp              Loading ..\data\crelvohr\crelvohr.png
[2021-06-22 00:13:56,500] DEBUG    sbp.columniser   Received 103 lines
[2021-06-22 00:13:56,500] DEBUG    sbp.columniser   Received 103 lines
[2021-06-22 00:13:56,500] DEBUG    sbp.columniser   Received 103 lines
[2021-06-22 00:13:56,501] DEBUG    sbp.columniser   Initial pass found 5 columns
[2021-06-22 00:13:56,501] DEBUG    sbp.columniser   Initial pass found 5 columns
[2021-06-22 00:13:56,501] DEBUG    sbp.columniser   Initial pass found 5 columns
[2021-06-22 00:13:56,502] DEBUG    sbp.columniser   	Col 0: Length 43
[2021-06-22 00:13:56,502] DEBUG    sbp.columniser   	Col 0: Length 43
[2021-06-22 00:13:56,502] DEBUG    sbp.columniser   	Col 0: Length 43
[2021-06-22 00:13:56,503] DEBUG    sbp.columniser   	Col 1: Length 3
[2021-06-22 00:13:56,503] DEBUG    sbp.columniser   	Col 1: Length 3
[2021-06-22 00:13:56,503] DEBUG    sbp.columniser   	Col 1: Length 3
[2021-06-22 00:13:56,504] DEBUG    sbp.columniser   	Col 2: Length 6
[2021-06-22 00:13:56,504] DEBUG    sbp.columniser   	Col 2: Length 6
[2021-06-22 00:13:56,504] DEBUG    sbp.columniser   	Col 2: Length 6
[2021-06-22 00:13:56,505] DEBUG    sbp.columniser   	Col 3: Length 3
[2021-06-22 00:13:56,505] DEBUG    sbp.columniser   	Col 3: Length 3
[2021-06-22 00:13:56,505] DEBUG    sbp.columniser   	Col 3: Length 3
[2021-06-22 00:13:56,505] DEBUG    sbp.columniser   	Col 4: Length 48
[2021-06-22 00:13:56,505] DEBUG    sbp.columniser   	Col 4: Length 48
[2021-06-22 00:13:56,505] DEBUG    sbp.columniser   	Col 4: Length 48
[2021-06-22 00:13:56,524] DEBUG    sbp.columniser   2 columns remain after column merging
[2021-06-22 00:13:56,524] DEBUG    sbp.columniser   2 columns remain after column merging
[2021-06-22 00:13:56,524] DEBUG    sbp.columniser   2 columns remain after column merging
[2021-06-22 00:13:56,525] DEBUG    sbp.columniser   	Col 0: 55 -> 40 lines after merging
[2021-06-22 00:13:56,525] DEBUG    sbp.columniser   	Col 0: 55 -> 40 lines after merging
[2021-06-22 00:13:56,525] DEBUG    sbp.columniser   	Col 0: 55 -> 40 lines after merging
[2021-06-22 00:13:56,526] DEBUG    sbp.columniser   	Col 1: 48 -> 48 lines after merging
[2021-06-22 00:13:56,526] DEBUG    sbp.columniser   	Col 1: 48 -> 48 lines after merging
[2021-06-22 00:13:56,526] DEBUG    sbp.columniser   	Col 1: 48 -> 48 lines after merging
[2021-06-22 00:13:56,528] DEBUG    sbp.clusterer    Found reasonable threshold of 0.002%
[2021-06-22 00:13:56,528] DEBUG    sbp.clusterer    Found reasonable threshold of 0.002%
[2021-06-22 00:13:56,528] DEBUG    sbp.clusterer    Found reasonable threshold of 0.002%
[2021-06-22 00:13:56,529] DEBUG    sbp.clusterer    Using clustering threshold of 0.0018000000000000002
[2021-06-22 00:13:56,529] DEBUG    sbp.clusterer    Using clustering threshold of 0.0018000000000000002
[2021-06-22 00:13:56,529] DEBUG    sbp.clusterer    Using clustering threshold of 0.0018000000000000002
[2021-06-22 00:13:56,530] DEBUG    sbp.clusterer    Found reasonable threshold of 0.007%
[2021-06-22 00:13:56,530] DEBUG    sbp.clusterer    Found reasonable threshold of 0.007%
[2021-06-22 00:13:56,530] DEBUG    sbp.clusterer    Found reasonable threshold of 0.007%
[2021-06-22 00:13:56,530] DEBUG    sbp.clusterer    Using clustering threshold of 0.0063
[2021-06-22 00:13:56,530] DEBUG    sbp.clusterer    Using clustering threshold of 0.0063
[2021-06-22 00:13:56,530] DEBUG    sbp.clusterer    Using clustering threshold of 0.0063
[2021-06-22 00:13:56,531] DEBUG    sbp.clusanno     Annotating 20 Sections
[2021-06-22 00:13:56,531] DEBUG    sbp.clusanno     Annotating 20 Sections
[2021-06-22 00:13:56,531] DEBUG    sbp.clusanno     Annotating 20 Sections
[2021-06-22 00:13:56,532] DEBUG    sbp.clusanno     Annotating 9 Sections
[2021-06-22 00:13:56,532] DEBUG    sbp.clusanno     Annotating 9 Sections
[2021-06-22 00:13:56,532] DEBUG    sbp.clusanno     Annotating 9 Sections
[2021-06-22 00:14:51,816] DEBUG    sbp.columniser   Configure columniser with parameters:
[2021-06-22 00:14:51,816] DEBUG    sbp.columniser   Configure columniser with parameters:
[2021-06-22 00:14:51,816] DEBUG    sbp.columniser   Configure columniser with parameters:
[2021-06-22 00:14:51,818] DEBUG    sbp.columniser   	left_offset_leeway=0.01
[2021-06-22 00:14:51,818] DEBUG    sbp.columniser   	left_offset_leeway=0.01
[2021-06-22 00:14:51,818] DEBUG    sbp.columniser   	left_offset_leeway=0.01
[2021-06-22 00:14:51,819] DEBUG    sbp.columniser   	right_offset_leeway=0.1
[2021-06-22 00:14:51,819] DEBUG    sbp.columniser   	right_offset_leeway=0.1
[2021-06-22 00:14:51,819] DEBUG    sbp.columniser   	right_offset_leeway=0.1
[2021-06-22 00:14:51,820] DEBUG    sbp.columniser   	max_vertical_gap=0.01
[2021-06-22 00:14:51,820] DEBUG    sbp.columniser   	max_vertical_gap=0.01
[2021-06-22 00:14:51,820] DEBUG    sbp.columniser   	max_vertical_gap=0.01
[2021-06-22 00:14:51,822] DEBUG    sbp.columniser   	fuzzyness=0.01
[2021-06-22 00:14:51,822] DEBUG    sbp.columniser   	fuzzyness=0.01
[2021-06-22 00:14:51,822] DEBUG    sbp.columniser   	fuzzyness=0.01
[2021-06-22 00:14:51,823] DEBUG    sbp.clusterer    Configured Clusterer with config:
[2021-06-22 00:14:51,823] DEBUG    sbp.clusterer    Configured Clusterer with config:
[2021-06-22 00:14:51,823] DEBUG    sbp.clusterer    Configured Clusterer with config:
[2021-06-22 00:14:51,824] DEBUG    sbp.clusterer    	Fuzzyness=0.0
[2021-06-22 00:14:51,824] DEBUG    sbp.clusterer    	Fuzzyness=0.0
[2021-06-22 00:14:51,824] DEBUG    sbp.clusterer    	Fuzzyness=0.0
[2021-06-22 00:14:51,825] DEBUG    sbp.clusterer    	Min Gap=0.0
[2021-06-22 00:14:51,825] DEBUG    sbp.clusterer    	Min Gap=0.0
[2021-06-22 00:14:51,825] DEBUG    sbp.clusterer    	Min Gap=0.0
[2021-06-22 00:14:51,826] DEBUG    sbp.clusterer    	Max Gap=1.0
[2021-06-22 00:14:51,826] DEBUG    sbp.clusterer    	Max Gap=1.0
[2021-06-22 00:14:51,826] DEBUG    sbp.clusterer    	Max Gap=1.0
[2021-06-22 00:14:51,827] DEBUG    sbp.clusanno     Configured SectionAnnotator
[2021-06-22 00:14:51,827] DEBUG    sbp.clusanno     Configured SectionAnnotator
[2021-06-22 00:14:51,827] DEBUG    sbp.clusanno     Configured SectionAnnotator
[2021-06-22 00:14:51,829] INFO     sbp.txloader     Retrieving cached result for ..\data\crelvohr\crelvohr.png
[2021-06-22 00:14:51,829] INFO     sbp.txloader     Retrieving cached result for ..\data\crelvohr\crelvohr.png
[2021-06-22 00:14:51,829] INFO     sbp.txloader     Retrieving cached result for ..\data\crelvohr\crelvohr.png
[2021-06-22 00:14:51,856] INFO     sbp              Loaded file ..\data\crelvohr\crelvohr.png
[2021-06-22 00:14:51,856] INFO     sbp              Loaded file ..\data\crelvohr\crelvohr.png
[2021-06-22 00:14:51,856] INFO     sbp              Loaded file ..\data\crelvohr\crelvohr.png
[2021-06-22 00:14:51,858] INFO     sbp              Loading ..\data\crelvohr\crelvohr.png
[2021-06-22 00:14:51,858] INFO     sbp              Loading ..\data\crelvohr\crelvohr.png
[2021-06-22 00:14:51,858] INFO     sbp              Loading ..\data\crelvohr\crelvohr.png
[2021-06-22 00:14:51,858] DEBUG    sbp.columniser   Received 103 lines
[2021-06-22 00:14:51,858] DEBUG    sbp.columniser   Received 103 lines
[2021-06-22 00:14:51,858] DEBUG    sbp.columniser   Received 103 lines
[2021-06-22 00:15:27,769] DEBUG    sbp.columniser   Configure columniser with parameters:
[2021-06-22 00:15:27,769] DEBUG    sbp.columniser   Configure columniser with parameters:
[2021-06-22 00:15:27,769] DEBUG    sbp.columniser   Configure columniser with parameters:
[2021-06-22 00:15:27,771] DEBUG    sbp.columniser   	left_offset_leeway=0.01
[2021-06-22 00:15:27,771] DEBUG    sbp.columniser   	left_offset_leeway=0.01
[2021-06-22 00:15:27,771] DEBUG    sbp.columniser   	left_offset_leeway=0.01
[2021-06-22 00:15:27,772] DEBUG    sbp.columniser   	right_offset_leeway=0.1
[2021-06-22 00:15:27,772] DEBUG    sbp.columniser   	right_offset_leeway=0.1
[2021-06-22 00:15:27,772] DEBUG    sbp.columniser   	right_offset_leeway=0.1
[2021-06-22 00:15:27,773] DEBUG    sbp.columniser   	max_vertical_gap=0.01
[2021-06-22 00:15:27,773] DEBUG    sbp.columniser   	max_vertical_gap=0.01
[2021-06-22 00:15:27,773] DEBUG    sbp.columniser   	max_vertical_gap=0.01
[2021-06-22 00:15:27,774] DEBUG    sbp.columniser   	fuzzyness=0.01
[2021-06-22 00:15:27,774] DEBUG    sbp.columniser   	fuzzyness=0.01
[2021-06-22 00:15:27,774] DEBUG    sbp.columniser   	fuzzyness=0.01
[2021-06-22 00:15:27,776] DEBUG    sbp.clusterer    Configured Clusterer with config:
[2021-06-22 00:15:27,776] DEBUG    sbp.clusterer    Configured Clusterer with config:
[2021-06-22 00:15:27,776] DEBUG    sbp.clusterer    Configured Clusterer with config:
[2021-06-22 00:15:27,777] DEBUG    sbp.clusterer    	Fuzzyness=0.0
[2021-06-22 00:15:27,777] DEBUG    sbp.clusterer    	Fuzzyness=0.0
[2021-06-22 00:15:27,777] DEBUG    sbp.clusterer    	Fuzzyness=0.0
[2021-06-22 00:15:27,779] DEBUG    sbp.clusterer    	Min Gap=0.0
[2021-06-22 00:15:27,779] DEBUG    sbp.clusterer    	Min Gap=0.0
[2021-06-22 00:15:27,779] DEBUG    sbp.clusterer    	Min Gap=0.0
[2021-06-22 00:15:27,781] DEBUG    sbp.clusterer    	Max Gap=1.0
[2021-06-22 00:15:27,781] DEBUG    sbp.clusterer    	Max Gap=1.0
[2021-06-22 00:15:27,781] DEBUG    sbp.clusterer    	Max Gap=1.0
[2021-06-22 00:15:27,782] DEBUG    sbp.clusanno     Configured SectionAnnotator
[2021-06-22 00:15:27,782] DEBUG    sbp.clusanno     Configured SectionAnnotator
[2021-06-22 00:15:27,782] DEBUG    sbp.clusanno     Configured SectionAnnotator
[2021-06-22 00:15:27,784] INFO     sbp.txloader     Retrieving cached result for ..\data\crelvohr\crelvohr.png
[2021-06-22 00:15:27,784] INFO     sbp.txloader     Retrieving cached result for ..\data\crelvohr\crelvohr.png
[2021-06-22 00:15:27,784] INFO     sbp.txloader     Retrieving cached result for ..\data\crelvohr\crelvohr.png
[2021-06-22 00:15:27,809] INFO     sbp              Loaded file ..\data\crelvohr\crelvohr.png
[2021-06-22 00:15:27,809] INFO     sbp              Loaded file ..\data\crelvohr\crelvohr.png
[2021-06-22 00:15:27,809] INFO     sbp              Loaded file ..\data\crelvohr\crelvohr.png
[2021-06-22 00:15:27,811] INFO     sbp              Loading ..\data\crelvohr\crelvohr.png
[2021-06-22 00:15:27,811] INFO     sbp              Loading ..\data\crelvohr\crelvohr.png
[2021-06-22 00:15:27,811] INFO     sbp              Loading ..\data\crelvohr\crelvohr.png
[2021-06-22 00:15:27,812] DEBUG    sbp.columniser   Received 103 lines
[2021-06-22 00:15:27,812] DEBUG    sbp.columniser   Received 103 lines
[2021-06-22 00:15:27,812] DEBUG    sbp.columniser   Received 103 lines
[2021-06-22 00:15:27,815] DEBUG    sbp.columniser   Initial pass found 31 columns
[2021-06-22 00:15:27,815] DEBUG    sbp.columniser   Initial pass found 31 columns
[2021-06-22 00:15:27,815] DEBUG    sbp.columniser   Initial pass found 31 columns
[2021-06-22 00:15:27,816] DEBUG    sbp.columniser   	Col 0: Length 3
[2021-06-22 00:15:27,816] DEBUG    sbp.columniser   	Col 0: Length 3
[2021-06-22 00:15:27,816] DEBUG    sbp.columniser   	Col 0: Length 3
[2021-06-22 00:15:27,817] DEBUG    sbp.columniser   	Col 1: Length 3
[2021-06-22 00:15:27,817] DEBUG    sbp.columniser   	Col 1: Length 3
[2021-06-22 00:15:27,817] DEBUG    sbp.columniser   	Col 1: Length 3
[2021-06-22 00:15:27,818] DEBUG    sbp.columniser   	Col 2: Length 13
[2021-06-22 00:15:27,818] DEBUG    sbp.columniser   	Col 2: Length 13
[2021-06-22 00:15:27,818] DEBUG    sbp.columniser   	Col 2: Length 13
[2021-06-22 00:15:27,819] DEBUG    sbp.columniser   	Col 3: Length 9
[2021-06-22 00:15:27,819] DEBUG    sbp.columniser   	Col 3: Length 9
[2021-06-22 00:15:27,819] DEBUG    sbp.columniser   	Col 3: Length 9
[2021-06-22 00:15:27,821] DEBUG    sbp.columniser   	Col 4: Length 4
[2021-06-22 00:15:27,821] DEBUG    sbp.columniser   	Col 4: Length 4
[2021-06-22 00:15:27,821] DEBUG    sbp.columniser   	Col 4: Length 4
[2021-06-22 00:15:27,822] DEBUG    sbp.columniser   	Col 5: Length 2
[2021-06-22 00:15:27,822] DEBUG    sbp.columniser   	Col 5: Length 2
[2021-06-22 00:15:27,822] DEBUG    sbp.columniser   	Col 5: Length 2
[2021-06-22 00:15:27,823] DEBUG    sbp.columniser   	Col 6: Length 2
[2021-06-22 00:15:27,823] DEBUG    sbp.columniser   	Col 6: Length 2
[2021-06-22 00:15:27,823] DEBUG    sbp.columniser   	Col 6: Length 2
[2021-06-22 00:15:27,824] DEBUG    sbp.columniser   	Col 7: Length 1
[2021-06-22 00:15:27,824] DEBUG    sbp.columniser   	Col 7: Length 1
[2021-06-22 00:15:27,824] DEBUG    sbp.columniser   	Col 7: Length 1
[2021-06-22 00:15:27,825] DEBUG    sbp.columniser   	Col 8: Length 1
[2021-06-22 00:15:27,825] DEBUG    sbp.columniser   	Col 8: Length 1
[2021-06-22 00:15:27,825] DEBUG    sbp.columniser   	Col 8: Length 1
[2021-06-22 00:15:27,826] DEBUG    sbp.columniser   	Col 9: Length 1
[2021-06-22 00:15:27,826] DEBUG    sbp.columniser   	Col 9: Length 1
[2021-06-22 00:15:27,826] DEBUG    sbp.columniser   	Col 9: Length 1
[2021-06-22 00:15:27,827] DEBUG    sbp.columniser   	Col 10: Length 1
[2021-06-22 00:15:27,827] DEBUG    sbp.columniser   	Col 10: Length 1
[2021-06-22 00:15:27,827] DEBUG    sbp.columniser   	Col 10: Length 1
[2021-06-22 00:15:27,828] DEBUG    sbp.columniser   	Col 11: Length 1
[2021-06-22 00:15:27,828] DEBUG    sbp.columniser   	Col 11: Length 1
[2021-06-22 00:15:27,828] DEBUG    sbp.columniser   	Col 11: Length 1
[2021-06-22 00:15:27,830] DEBUG    sbp.columniser   	Col 12: Length 1
[2021-06-22 00:15:27,830] DEBUG    sbp.columniser   	Col 12: Length 1
[2021-06-22 00:15:27,830] DEBUG    sbp.columniser   	Col 12: Length 1
[2021-06-22 00:15:27,831] DEBUG    sbp.columniser   	Col 13: Length 1
[2021-06-22 00:15:27,831] DEBUG    sbp.columniser   	Col 13: Length 1
[2021-06-22 00:15:27,831] DEBUG    sbp.columniser   	Col 13: Length 1
[2021-06-22 00:15:27,832] DEBUG    sbp.columniser   	Col 14: Length 1
[2021-06-22 00:15:27,832] DEBUG    sbp.columniser   	Col 14: Length 1
[2021-06-22 00:15:27,832] DEBUG    sbp.columniser   	Col 14: Length 1
[2021-06-22 00:15:27,833] DEBUG    sbp.columniser   	Col 15: Length 1
[2021-06-22 00:15:27,833] DEBUG    sbp.columniser   	Col 15: Length 1
[2021-06-22 00:15:27,833] DEBUG    sbp.columniser   	Col 15: Length 1
[2021-06-22 00:15:27,834] DEBUG    sbp.columniser   	Col 16: Length 1
[2021-06-22 00:15:27,834] DEBUG    sbp.columniser   	Col 16: Length 1
[2021-06-22 00:15:27,834] DEBUG    sbp.columniser   	Col 16: Length 1
[2021-06-22 00:15:27,834] DEBUG    sbp.columniser   	Col 17: Length 1
[2021-06-22 00:15:27,834] DEBUG    sbp.columniser   	Col 17: Length 1
[2021-06-22 00:15:27,834] DEBUG    sbp.columniser   	Col 17: Length 1
[2021-06-22 00:15:27,836] DEBUG    sbp.columniser   	Col 18: Length 1
[2021-06-22 00:15:27,836] DEBUG    sbp.columniser   	Col 18: Length 1
[2021-06-22 00:15:27,836] DEBUG    sbp.columniser   	Col 18: Length 1
[2021-06-22 00:15:27,837] DEBUG    sbp.columniser   	Col 19: Length 1
[2021-06-22 00:15:27,837] DEBUG    sbp.columniser   	Col 19: Length 1
[2021-06-22 00:15:27,837] DEBUG    sbp.columniser   	Col 19: Length 1
[2021-06-22 00:15:27,838] DEBUG    sbp.columniser   	Col 20: Length 1
[2021-06-22 00:15:27,838] DEBUG    sbp.columniser   	Col 20: Length 1
[2021-06-22 00:15:27,838] DEBUG    sbp.columniser   	Col 20: Length 1
[2021-06-22 00:15:27,839] DEBUG    sbp.columniser   	Col 21: Length 1
[2021-06-22 00:15:27,839] DEBUG    sbp.columniser   	Col 21: Length 1
[2021-06-22 00:15:27,839] DEBUG    sbp.columniser   	Col 21: Length 1
[2021-06-22 00:15:27,840] DEBUG    sbp.columniser   	Col 22: Length 1
[2021-06-22 00:15:27,840] DEBUG    sbp.columniser   	Col 22: Length 1
[2021-06-22 00:15:27,840] DEBUG    sbp.columniser   	Col 22: Length 1
[2021-06-22 00:15:27,841] DEBUG    sbp.columniser   	Col 23: Length 1
[2021-06-22 00:15:27,841] DEBUG    sbp.columniser   	Col 23: Length 1
[2021-06-22 00:15:27,841] DEBUG    sbp.columniser   	Col 23: Length 1
[2021-06-22 00:15:27,842] DEBUG    sbp.columniser   	Col 24: Length 1
[2021-06-22 00:15:27,842] DEBUG    sbp.columniser   	Col 24: Length 1
[2021-06-22 00:15:27,842] DEBUG    sbp.columniser   	Col 24: Length 1
[2021-06-22 00:15:27,843] DEBUG    sbp.columniser   	Col 25: Length 1
[2021-06-22 00:15:27,843] DEBUG    sbp.columniser   	Col 25: Length 1
[2021-06-22 00:15:27,843] DEBUG    sbp.columniser   	Col 25: Length 1
[2021-06-22 00:15:27,844] DEBUG    sbp.columniser   	Col 26: Length 8
[2021-06-22 00:15:27,844] DEBUG    sbp.columniser   	Col 26: Length 8
[2021-06-22 00:15:27,844] DEBUG    sbp.columniser   	Col 26: Length 8
[2021-06-22 00:15:27,845] DEBUG    sbp.columniser   	Col 27: Length 4
[2021-06-22 00:15:27,845] DEBUG    sbp.columniser   	Col 27: Length 4
[2021-06-22 00:15:27,845] DEBUG    sbp.columniser   	Col 27: Length 4
[2021-06-22 00:15:27,846] DEBUG    sbp.columniser   	Col 28: Length 27
[2021-06-22 00:15:27,846] DEBUG    sbp.columniser   	Col 28: Length 27
[2021-06-22 00:15:27,846] DEBUG    sbp.columniser   	Col 28: Length 27
[2021-06-22 00:15:27,847] DEBUG    sbp.columniser   	Col 29: Length 7
[2021-06-22 00:15:27,847] DEBUG    sbp.columniser   	Col 29: Length 7
[2021-06-22 00:15:27,847] DEBUG    sbp.columniser   	Col 29: Length 7
[2021-06-22 00:15:27,848] DEBUG    sbp.columniser   	Col 30: Length 2
[2021-06-22 00:15:27,848] DEBUG    sbp.columniser   	Col 30: Length 2
[2021-06-22 00:15:27,848] DEBUG    sbp.columniser   	Col 30: Length 2
